Build started 04/10/2012 20:24:53.
     1>Project "c:\Users\Alex\documents\visual studio 2010\Projects\algorithms\algorithms\algorithms.vcxproj" on node 2 (build target(s)).
     1>InitializeBuildStatus:
         Creating "Debug\algorithms.unsuccessfulbuild" because "AlwaysCreate" was specified.
       ClCompile:
         C:\Program Files (x86)\Microsoft Visual Studio 10.0\VC\bin\CL.exe /c /ZI /nologo /W3 /WX- /Od /Oy- /D _MBCS /Gm /EHsc /RTC1 /MDd /GS /fp:precise /Zc:wchar_t /Zc:forScope /Fo"Debug\\" /Fd"Debug\vc100.pdb" /Gd /TP /analyze- /errorReport:prompt main.cpp
         main.cpp
     1>c:\users\alex\documents\visual studio 2010\projects\algorithms\algorithms\main.cpp(61): warning C4018: '<' : signed/unsigned mismatch
     1>c:\users\alex\documents\visual studio 2010\projects\algorithms\algorithms\main.cpp(63): warning C4018: '<' : signed/unsigned mismatch
     1>c:\users\alex\documents\visual studio 2010\projects\algorithms\algorithms\main.cpp(76): warning C4018: '<' : signed/unsigned mismatch
     1>c:\users\alex\documents\visual studio 2010\projects\algorithms\algorithms\main.cpp(93): warning C4018: '<' : signed/unsigned mismatch
     1>c:\users\alex\documents\visual studio 2010\projects\algorithms\algorithms\main.cpp(96): warning C4018: '<' : signed/unsigned mismatch
     1>c:\users\alex\documents\visual studio 2010\projects\algorithms\algorithms\main.cpp(98): warning C4018: '<' : signed/unsigned mismatch
     1>c:\users\alex\documents\visual studio 2010\projects\algorithms\algorithms\main.cpp(106): warning C4018: '<' : signed/unsigned mismatch
     1>c:\users\alex\documents\visual studio 2010\projects\algorithms\algorithms\main.cpp(180): warning C4018: '<' : signed/unsigned mismatch
     1>c:\users\alex\documents\visual studio 2010\projects\algorithms\algorithms\main.cpp(187): warning C4018: '<' : signed/unsigned mismatch
       Link:
         C:\Program Files (x86)\Microsoft Visual Studio 10.0\VC\bin\link.exe /ERRORREPORT:PROMPT /OUT:"c:\users\alex\documents\visual studio 2010\Projects\algorithms\Debug\algorithms.exe" /NOLOGO kernel32.lib user32.lib gdi32.lib winspool.lib comdlg32.lib advapi32.lib shell32.lib ole32.lib oleaut32.lib uuid.lib odbc32.lib odbccp32.lib /MANIFEST /ManifestFile:"Debug\algorithms.exe.intermediate.manifest" /MANIFESTUAC:"level='asInvoker' uiAccess='false'" /DEBUG /PDB:"c:\users\alex\documents\visual studio 2010\Projects\algorithms\Debug\algorithms.pdb" /TLBID:1 /DYNAMICBASE /NXCOMPAT /IMPLIB:"c:\users\alex\documents\visual studio 2010\Projects\algorithms\Debug\algorithms.lib" /MACHINE:X86 Debug\main.obj
         LINK : c:\users\alex\documents\visual studio 2010\Projects\algorithms\Debug\algorithms.exe not found or not built by the last incremental link; performing full link
         algorithms.vcxproj -> c:\users\alex\documents\visual studio 2010\Projects\algorithms\Debug\algorithms.exe
       Manifest:
         C:\Program Files (x86)\Microsoft SDKs\Windows\v7.0A\bin\mt.exe /nologo /verbose /outputresource:"c:\users\alex\documents\visual studio 2010\Projects\algorithms\Debug\algorithms.exe;#1" /manifest Debug\algorithms.exe.intermediate.manifest
       FinalizeBuildStatus:
         Deleting file "Debug\algorithms.unsuccessfulbuild".
         Touching "Debug\algorithms.lastbuildstate".
     1>Done Building Project "c:\Users\Alex\documents\visual studio 2010\Projects\algorithms\algorithms\algorithms.vcxproj" (build target(s)).

Build succeeded.

Time Elapsed 00:00:00.84
